build/app/outputs/mapping/release/usage.txt
com.google.common.graph.Traverser$GraphTraverser$DepthFirstIterator
kotlin.sequences.SequencesKt___SequencesKt$filterIndexed$1
com.google.common.util.concurrent.SmoothRateLimiter$1
com.google.common.util.concurrent.Callables$2
com.google.common.collect.Interner
com.google.common.io.BaseEncoding$Base16Encoding
javax.annotation.concurrent.GuardedBy
com.google.common.util.concurrent.FuturesGetChecked
androidx.lifecycle.MutableLiveData
io.flutter.view.FlutterRunArguments
com.google.common.reflect.MutableTypeToInstanceMap$UnmodifiableEntry$2
kotlin.jvm.JvmWildcard
androidx.core.content.res.FontResourcesParserCompat$FetchStrategy
com.google.common.collect.Synchronized$SynchronizedList
com.google.common.reflect.TypeCapture
com.google.common.collect.DenseImmutableTable$Row
kotlin.collections.AbstractList$IteratorImpl
androidx.core.view.GestureDetectorCompat$GestureDetectorCompatImpl
com.google.common.io.CharSource$CharSequenceCharSource$1
androidx.annotation.LongDef
kotlin.comparisons.NaturalOrderComparator
kotlin.collections.AbstractMutableList
androidx.core.app.ActivityRecreator$2
com.google.common.graph.ImmutableValueGraph$Builder
com.google.common.collect.ForwardingQueue
com.google.common.collect.ImmutableRangeSet$AsSet$1
com.google.common.graph.GraphConstants$Presence
com.google.common.cache.LocalCache$ManualSerializationProxy
kotlin.PreconditionsKt__AssertionsJVMKt
androidx.core.app.ServiceCompat
io.flutter.embedding.engine.dart.DartExecutor$DefaultBinaryMessenger:
    public void send(java.lang.String,java.nio.ByteBuffer)
kotlin.jvm.internal.ReflectionFactory
com.google.common.collect.MapMakerInternalMap$StrongKeyStrongValueEntry
com.google.common.collect.Multisets$2$1
com.google.common.collect.Sets$FilteredSet
com.google.common.util.concurrent.AbstractExecutionThreadService$1$1
androidx.activity.ComponentActivity$3:
    void <init>(androidx.activity.ComponentActivity)
androidx.loader.content.ModernAsyncTask$2
com.google.common.collect.AbstractMapBasedMultimap$AsMap$AsMapEntries
com.google.common.collect.TreeRangeMap$RangeMapEntry
io.flutter.view.FlutterView$FirstFrameListener
com.google.common.util.concurrent.DirectExecutor
kotlin.coroutines.experimental.migration.ExperimentalContinuationMigration
com.google.common.collect.ListMultimap
com.google.common.reflect.Types$JavaVersion$3
androidx.loader.content.ModernAsyncTask$WorkerRunnable
kotlin.io.FileTreeWalk$FileTreeWalkIterator$TopDownDirectoryState
androidx.core.content.FileProvider
kotlin.text.CharDirectionality$Companion
com.google.common.cache.LongAdder
kotlin.ranges.CharProgressionIterator
kotlin.jvm.internal.Ref$IntRef
androidx.core.app.FrameMetricsAggregator$FrameMetricsApi24Impl$1
com.google.common.hash.LongAddables
io.flutter.plugin.common.JSONUtil:
    private void <init>()
    public static java.lang.Object unwrap(java.lang.Object)
androidx.core.widget.NestedScrollView$AccessibilityDelegate
com.google.common.util.concurrent.AbstractIdleService$ThreadNameSupplier
com.google.common.collect.TreeRangeMap$AsMapOfRanges
androidx.core.content.ContextCompat
androidx.annotation.Dimension
com.google.common.base.Splitter$3
com.google.common.primitives.Booleans$BooleanComparator
androidx.core.widget.EdgeEffectCompat
androidx.core.view.accessibility.AccessibilityViewCommand$SetSelectionArguments
io.flutter.plugins.pathprovider.StorageDirectoryMapper:
    void <init>()
com.google.common.reflect.Types$ClassOwnership$1
kotlin.collections.unsigned.UArraysKt___UArraysKt$withIndex$2
kotlin.jvm.internal.ArrayBooleanIterator
kotlin.sequences.SequenceScope
androidx.fragment.app.FragmentTransition$1
com.google.common.math.LinearTransformation$NaNLinearTransformation
com.google.common.reflect.TypeToken$Bounds
androidx.lifecycle.ReportFragment$ActivityInitializationListener
androidx.core.app.NotificationCompat$Action$Builder
com.google.common.graph.DirectedGraphConnections$1$1
io.flutter.view.FlutterMain$Settings
com.google.common.util.concurrent.ForwardingCondition